  LAB_4.cpp
C:\Users\Рома\YandexDisk\Лабораторные работы по программированию\Лабораторная работа №4\LAB_4\LAB_4\myQueue.h(238,25): warning C4244: аргумент: преобразование "wchar_t" в "T", возможна потеря данных
C:\Users\Рома\YandexDisk\Лабораторные работы по программированию\Лабораторная работа №4\LAB_4\LAB_4\myQueue.h(238,25): warning C4244:         with
C:\Users\Рома\YandexDisk\Лабораторные работы по программированию\Лабораторная работа №4\LAB_4\LAB_4\myQueue.h(238,25): warning C4244:         [
C:\Users\Рома\YandexDisk\Лабораторные работы по программированию\Лабораторная работа №4\LAB_4\LAB_4\myQueue.h(238,25): warning C4244:             T=char
C:\Users\Рома\YandexDisk\Лабораторные работы по программированию\Лабораторная работа №4\LAB_4\LAB_4\myQueue.h(238,25): warning C4244:         ]
  (компиляция исходного файла "LAB_4.cpp")
  C:\Users\Рома\YandexDisk\Лабораторные работы по программированию\Лабораторная работа №4\LAB_4\LAB_4\myQueue.h(238,25):
  контекст создания экземпляра шаблона (сначала самый старый)
  	C:\Users\Рома\YandexDisk\Лабораторные работы по программированию\Лабораторная работа №4\LAB_4\LAB_4\LAB_4.h(31,16):
  	выполняется компиляция ссылки на экземпляр класс шаблон функции "myQueue<char>"
  	C:\Users\Рома\YandexDisk\Лабораторные работы по программированию\Лабораторная работа №4\LAB_4\LAB_4\myQueue.h(229,14):
  	во время компиляции функции-члена класс шаблон "void myQueue<char>::copy_to_char(std::vector<int,std::allocator<_Ty>>)"
          with
          [
              _Ty=int
          ]
  		C:\Users\Рома\YandexDisk\Лабораторные работы по программированию\Лабораторная работа №4\LAB_4\LAB_4\LAB_4.h(701,25):
  		см. первую ссылку на "myQueue<char>::copy_to_char" в "LAB4::LAB_4::to_char"
  
C:\Users\Рома\YandexDisk\Лабораторные работы по программированию\Лабораторная работа №4\LAB_4\LAB_4\myStack.h(229,25): warning C4244: аргумент: преобразование "wchar_t" в "T", возможна потеря данных
C:\Users\Рома\YandexDisk\Лабораторные работы по программированию\Лабораторная работа №4\LAB_4\LAB_4\myStack.h(229,25): warning C4244:         with
C:\Users\Рома\YandexDisk\Лабораторные работы по программированию\Лабораторная работа №4\LAB_4\LAB_4\myStack.h(229,25): warning C4244:         [
C:\Users\Рома\YandexDisk\Лабораторные работы по программированию\Лабораторная работа №4\LAB_4\LAB_4\myStack.h(229,25): warning C4244:             T=char
C:\Users\Рома\YandexDisk\Лабораторные работы по программированию\Лабораторная работа №4\LAB_4\LAB_4\myStack.h(229,25): warning C4244:         ]
  (компиляция исходного файла "LAB_4.cpp")
  C:\Users\Рома\YandexDisk\Лабораторные работы по программированию\Лабораторная работа №4\LAB_4\LAB_4\myStack.h(229,25):
  контекст создания экземпляра шаблона (сначала самый старый)
  	C:\Users\Рома\YandexDisk\Лабораторные работы по программированию\Лабораторная работа №4\LAB_4\LAB_4\LAB_4.h(30,16):
  	выполняется компиляция ссылки на экземпляр класс шаблон функции "myStack<char>"
  	C:\Users\Рома\YandexDisk\Лабораторные работы по программированию\Лабораторная работа №4\LAB_4\LAB_4\myStack.h(220,14):
  	во время компиляции функции-члена класс шаблон "void myStack<char>::copy_to_char(std::vector<int,std::allocator<_Ty>>)"
          with
          [
              _Ty=int
          ]
  		C:\Users\Рома\YandexDisk\Лабораторные работы по программированию\Лабораторная работа №4\LAB_4\LAB_4\LAB_4.h(695,25):
  		см. первую ссылку на "myStack<char>::copy_to_char" в "LAB4::LAB_4::to_char"
  
C:\Users\Рома\YandexDisk\Лабораторные работы по программированию\Лабораторная работа №4\LAB_4\LAB_4\myArray.h(123,21): warning C4018: <: несоответствие типов со знаком и без знака
  (компиляция исходного файла "LAB_4.cpp")
  C:\Users\Рома\YandexDisk\Лабораторные работы по программированию\Лабораторная работа №4\LAB_4\LAB_4\myArray.h(123,21):
  контекст создания экземпляра шаблона (сначала самый старый)
  	C:\Users\Рома\YandexDisk\Лабораторные работы по программированию\Лабораторная работа №4\LAB_4\LAB_4\LAB_4.h(28,16):
  	выполняется компиляция ссылки на экземпляр класс шаблон функции "myArray<char>"
  	C:\Users\Рома\YandexDisk\Лабораторные работы по программированию\Лабораторная работа №4\LAB_4\LAB_4\myArray.h(118,11):
  	во время компиляции функции-члена класс шаблон "T myArray<T>::find_max(void)"
          with
          [
              T=char
          ]
  		C:\Users\Рома\YandexDisk\Лабораторные работы по программированию\Лабораторная работа №4\LAB_4\LAB_4\LAB_4.h(563,19):
  		см. первую ссылку на "myArray<char>::find_max" в "LAB4::LAB_4::поискНаибольшегоЭлементаToolStripMenuItem_Click"
  
C:\Users\Рома\YandexDisk\Лабораторные работы по программированию\Лабораторная работа №4\LAB_4\LAB_4\myArray.h(54,21): warning C4018: <: несоответствие типов со знаком и без знака
  (компиляция исходного файла "LAB_4.cpp")
  C:\Users\Рома\YandexDisk\Лабораторные работы по программированию\Лабораторная работа №4\LAB_4\LAB_4\myArray.h(54,21):
  контекст создания экземпляра шаблона (сначала самый старый)
  	C:\Users\Рома\YandexDisk\Лабораторные работы по программированию\Лабораторная работа №4\LAB_4\LAB_4\myArray.h(49,21):
  	во время компиляции функции-члена класс шаблон "std::string myArray<char>::output_char(void)"
  		C:\Users\Рома\YandexDisk\Лабораторные работы по программированию\Лабораторная работа №4\LAB_4\LAB_4\LAB_4.h(684,23):
  		см. первую ссылку на "myArray<char>::output_char" в "LAB4::LAB_4::to_char"
  
C:\Users\Рома\YandexDisk\Лабораторные работы по программированию\Лабораторная работа №4\LAB_4\LAB_4\myArray.h(94,12): warning C4018: <: несоответствие типов со знаком и без знака
  (компиляция исходного файла "LAB_4.cpp")
  C:\Users\Рома\YandexDisk\Лабораторные работы по программированию\Лабораторная работа №4\LAB_4\LAB_4\myArray.h(94,12):
  контекст создания экземпляра шаблона (сначала самый старый)
  	C:\Users\Рома\YandexDisk\Лабораторные работы по программированию\Лабораторная работа №4\LAB_4\LAB_4\myArray.h(92,14):
  	во время компиляции функции-члена класс шаблон "void myArray<int>::change_by_index(int,T)"
          with
          [
              T=int
          ]
  		C:\Users\Рома\YandexDisk\Лабораторные работы по программированию\Лабораторная работа №4\LAB_4\LAB_4\LAB_4.h(464,26):
  		см. первую ссылку на "myArray<int>::change_by_index" в "LAB4::LAB_4::заменаЗначенияПоИндексуToolStripMenuItem_Click"
  
C:\Users\Рома\YandexDisk\Лабораторные работы по программированию\Лабораторная работа №4\LAB_4\LAB_4\myArray.h(37,21): warning C4018: <: несоответствие типов со знаком и без знака
  (компиляция исходного файла "LAB_4.cpp")
  C:\Users\Рома\YandexDisk\Лабораторные работы по программированию\Лабораторная работа №4\LAB_4\LAB_4\myArray.h(37,21):
  контекст создания экземпляра шаблона (сначала самый старый)
  	C:\Users\Рома\YandexDisk\Лабораторные работы по программированию\Лабораторная работа №4\LAB_4\LAB_4\myArray.h(32,21):
  	во время компиляции функции-члена класс шаблон "std::string myArray<int>::output(void)"
  		C:\Users\Рома\YandexDisk\Лабораторные работы по программированию\Лабораторная работа №4\LAB_4\LAB_4\LAB_4.h(352,25):
  		см. первую ссылку на "myArray<int>::output" в "LAB4::LAB_4::выводСтруктурыToolStripMenuItem_Click"
  
  LINK : указан параметр /LTCG, но не требуется создание кода; удалите /LTCG из командной строки компоновки для повышения производительности компоновщика
  LAB_4.vcxproj -> C:\Users\Рома\YandexDisk\Лабораторные работы по программированию\Лабораторная работа №4\LAB_4\x64\Release\LAB_4.exe
