c:\users\роман\yandexdisk\лабораторные работы по программированию\лабораторная работа №5\lab_5\dbrom\x64\release\vc143.pdb
c:\users\роман\yandexdisk\лабораторные работы по программированию\лабораторная работа №5\lab_5\dbrom\x64\release\.netframework,version=v4.7.2.assemblyattributes.obj
c:\users\роман\yandexdisk\лабораторные работы по программированию\лабораторная работа №5\lab_5\dbrom\x64\release\mainwindow.obj
c:\users\роман\yandexdisk\лабораторные работы по программированию\лабораторная работа №5\lab_5\x64\release\dbrom.exe
c:\users\роман\yandexdisk\лабораторные работы по программированию\лабораторная работа №5\lab_5\x64\release\dbrom.pdb
c:\users\роман\yandexdisk\лабораторные работы по программированию\лабораторная работа №5\lab_5\dbrom\x64\release\resource.res
c:\users\роман\yandexdisk\лабораторные работы по программированию\лабораторная работа №5\lab_5\dbrom\x64\release\dbrom.tlog\cl.command.1.tlog
c:\users\роман\yandexdisk\лабораторные работы по программированию\лабораторная работа №5\lab_5\dbrom\x64\release\dbrom.tlog\cl.items.tlog
c:\users\роман\yandexdisk\лабораторные работы по программированию\лабораторная работа №5\lab_5\dbrom\x64\release\dbrom.tlog\cl.read.1.tlog
c:\users\роман\yandexdisk\лабораторные работы по программированию\лабораторная работа №5\lab_5\dbrom\x64\release\dbrom.tlog\cl.write.1.tlog
c:\users\роман\yandexdisk\лабораторные работы по программированию\лабораторная работа №5\lab_5\dbrom\x64\release\dbrom.tlog\link.command.1.tlog
c:\users\роман\yandexdisk\лабораторные работы по программированию\лабораторная работа №5\lab_5\dbrom\x64\release\dbrom.tlog\link.read.1.tlog
c:\users\роман\yandexdisk\лабораторные работы по программированию\лабораторная работа №5\lab_5\dbrom\x64\release\dbrom.tlog\link.secondary.1.tlog
c:\users\роман\yandexdisk\лабораторные работы по программированию\лабораторная работа №5\lab_5\dbrom\x64\release\dbrom.tlog\link.write.1.tlog
c:\users\роман\yandexdisk\лабораторные работы по программированию\лабораторная работа №5\lab_5\dbrom\x64\release\dbrom.tlog\metagen.read.1.tlog
c:\users\роман\yandexdisk\лабораторные работы по программированию\лабораторная работа №5\lab_5\dbrom\x64\release\dbrom.tlog\metagen.write.1.tlog
c:\users\роман\yandexdisk\лабораторные работы по программированию\лабораторная работа №5\lab_5\dbrom\x64\release\dbrom.tlog\rc.command.1.tlog
c:\users\роман\yandexdisk\лабораторные работы по программированию\лабораторная работа №5\lab_5\dbrom\x64\release\dbrom.tlog\rc.read.1.tlog
c:\users\роман\yandexdisk\лабораторные работы по программированию\лабораторная работа №5\lab_5\dbrom\x64\release\dbrom.tlog\rc.write.1.tlog
c:\users\роман\yandexdisk\лабораторные работы по программированию\лабораторная работа №5\lab_5\dbrom\x64\release\dbrom.tlog\resgen.command.1.tlog
c:\users\роман\yandexdisk\лабораторные работы по программированию\лабораторная работа №5\lab_5\dbrom\x64\release\dbrom.tlog\resgen.read.1.tlog
c:\users\роман\yandexdisk\лабораторные работы по программированию\лабораторная работа №5\lab_5\dbrom\x64\release\dbrom.tlog\resgen.write.1.tlog
